Added Component: Designator=*1(solder_connection_tripple)
Add component. Clean all parameters for all variants
Added Component: Designator=C1(C 0805)
Add component. Clean all parameters for all variants
Add component (AddParameter): Name = "BOM名称"; Value = "无极性贴片电容"; VariantName = "[No Variations]"
Add component (AddParameter): Name = "学习资源"; Value = "https://lmdzstyle.taobao.com/"; VariantName = "[No Variations]"
Add component (AddParameter): Name = "版权归属"; Value = "黎明电子style"; VariantName = "[No Variations]"
Added Component: Designator=C2(C 0805)
Add component. Clean all parameters for all variants
Add component (AddParameter): Name = "BOM名称"; Value = "无极性贴片电容"; VariantName = "[No Variations]"
Add component (AddParameter): Name = "学习资源"; Value = "https://lmdzstyle.taobao.com/"; VariantName = "[No Variations]"
Add component (AddParameter): Name = "版权归属"; Value = "黎明电子style"; VariantName = "[No Variations]"
Added Component: Designator=C3(C 0805)
Add component. Clean all parameters for all variants
Add component (AddParameter): Name = "BOM名称"; Value = "无极性贴片电容"; VariantName = "[No Variations]"
Add component (AddParameter): Name = "学习资源"; Value = "https://lmdzstyle.taobao.com/"; VariantName = "[No Variations]"
Add component (AddParameter): Name = "版权归属"; Value = "黎明电子style"; VariantName = "[No Variations]"
Added Component: Designator=C4(C 0805)
Add component. Clean all parameters for all variants
Add component (AddParameter): Name = "BOM名称"; Value = "无极性贴片电容"; VariantName = "[No Variations]"
Add component (AddParameter): Name = "学习资源"; Value = "https://lmdzstyle.taobao.com/"; VariantName = "[No Variations]"
Add component (AddParameter): Name = "版权归属"; Value = "黎明电子style"; VariantName = "[No Variations]"
Added Component: Designator=C5(C 0805)
Add component. Clean all parameters for all variants
Add component (AddParameter): Name = "BOM名称"; Value = "无极性贴片电容"; VariantName = "[No Variations]"
Add component (AddParameter): Name = "学习资源"; Value = "https://lmdzstyle.taobao.com/"; VariantName = "[No Variations]"
Add component (AddParameter): Name = "版权归属"; Value = "黎明电子style"; VariantName = "[No Variations]"
Added Component: Designator=C6(C 0805)
Add component. Clean all parameters for all variants
Add component (AddParameter): Name = "BOM名称"; Value = "无极性贴片电容"; VariantName = "[No Variations]"
Add component (AddParameter): Name = "学习资源"; Value = "https://lmdzstyle.taobao.com/"; VariantName = "[No Variations]"
Add component (AddParameter): Name = "版权归属"; Value = "黎明电子style"; VariantName = "[No Variations]"
Added Component: Designator=C7(C 0805)
Add component. Clean all parameters for all variants
Add component (AddParameter): Name = "BOM名称"; Value = "无极性贴片电容"; VariantName = "[No Variations]"
Add component (AddParameter): Name = "学习资源"; Value = "https://lmdzstyle.taobao.com/"; VariantName = "[No Variations]"
Add component (AddParameter): Name = "版权归属"; Value = "黎明电子style"; VariantName = "[No Variations]"
Added Component: Designator=C8(C 0805)
Add component. Clean all parameters for all variants
Add component (AddParameter): Name = "BOM名称"; Value = "无极性贴片电容"; VariantName = "[No Variations]"
Add component (AddParameter): Name = "学习资源"; Value = "https://lmdzstyle.taobao.com/"; VariantName = "[No Variations]"
Add component (AddParameter): Name = "版权归属"; Value = "黎明电子style"; VariantName = "[No Variations]"
Added Component: Designator=D1(SOD-323)
Add component. Clean all parameters for all variants
Add component (AddParameter): Name = "BOM名称"; Value = "肖特基二极管"; VariantName = "[No Variations]"
Add component (AddParameter): Name = "学习资源"; Value = "www.ooocke.com"; VariantName = "[No Variations]"
Add component (AddParameter): Name = "属性"; Value = "40V/2A"; VariantName = "[No Variations]"
Add component (AddParameter): Name = "版权归属"; Value = "源创客"; VariantName = "[No Variations]"
Added Component: Designator=D2(SOD-323)
Add component. Clean all parameters for all variants
Add component (AddParameter): Name = "BOM名称"; Value = "肖特基二极管"; VariantName = "[No Variations]"
Add component (AddParameter): Name = "学习资源"; Value = "www.ooocke.com"; VariantName = "[No Variations]"
Add component (AddParameter): Name = "属性"; Value = "40V/2A"; VariantName = "[No Variations]"
Add component (AddParameter): Name = "版权归属"; Value = "源创客"; VariantName = "[No Variations]"
Added Component: Designator=D3(SOD-323)
Add component. Clean all parameters for all variants
Add component (AddParameter): Name = "BOM名称"; Value = "肖特基二极管"; VariantName = "[No Variations]"
Add component (AddParameter): Name = "学习资源"; Value = "www.ooocke.com"; VariantName = "[No Variations]"
Add component (AddParameter): Name = "属性"; Value = "40V/2A"; VariantName = "[No Variations]"
Add component (AddParameter): Name = "版权归属"; Value = "源创客"; VariantName = "[No Variations]"
Added Component: Designator=E1(CD D(7343))
Add component. Clean all parameters for all variants
Add component (AddParameter): Name = "BOM名称"; Value = "贴片钽电容"; VariantName = "[No Variations]"
Add component (AddParameter): Name = "学习资源"; Value = "https://lmdzstyle.taobao.com/"; VariantName = "[No Variations]"
Add component (AddParameter): Name = "版权归属"; Value = "黎明电子style"; VariantName = "[No Variations]"
Added Component: Designator=E2(CD D(7343))
Add component. Clean all parameters for all variants
Add component (AddParameter): Name = "BOM名称"; Value = "贴片钽电容"; VariantName = "[No Variations]"
Add component (AddParameter): Name = "学习资源"; Value = "https://lmdzstyle.taobao.com/"; VariantName = "[No Variations]"
Add component (AddParameter): Name = "版权归属"; Value = "黎明电子style"; VariantName = "[No Variations]"
Added Component: Designator=E3(CD D(7343))
Add component. Clean all parameters for all variants
Add component (AddParameter): Name = "BOM名称"; Value = "贴片钽电容"; VariantName = "[No Variations]"
Add component (AddParameter): Name = "学习资源"; Value = "https://lmdzstyle.taobao.com/"; VariantName = "[No Variations]"
Add component (AddParameter): Name = "版权归属"; Value = "黎明电子style"; VariantName = "[No Variations]"
Added Component: Designator=E4(CD D(7343))
Add component. Clean all parameters for all variants
Add component (AddParameter): Name = "BOM名称"; Value = "贴片钽电容"; VariantName = "[No Variations]"
Add component (AddParameter): Name = "学习资源"; Value = "https://lmdzstyle.taobao.com/"; VariantName = "[No Variations]"
Add component (AddParameter): Name = "版权归属"; Value = "黎明电子style"; VariantName = "[No Variations]"
Added Component: Designator=E5(CD D(7343))
Add component. Clean all parameters for all variants
Add component (AddParameter): Name = "BOM名称"; Value = "贴片钽电容"; VariantName = "[No Variations]"
Add component (AddParameter): Name = "学习资源"; Value = "https://lmdzstyle.taobao.com/"; VariantName = "[No Variations]"
Add component (AddParameter): Name = "版权归属"; Value = "黎明电子style"; VariantName = "[No Variations]"
Added Component: Designator=E6(CD D(7343))
Add component. Clean all parameters for all variants
Add component (AddParameter): Name = "BOM名称"; Value = "贴片钽电容"; VariantName = "[No Variations]"
Add component (AddParameter): Name = "学习资源"; Value = "https://lmdzstyle.taobao.com/"; VariantName = "[No Variations]"
Add component (AddParameter): Name = "版权归属"; Value = "黎明电子style"; VariantName = "[No Variations]"
Added Component: Designator=E7(CD D(7343))
Add component. Clean all parameters for all variants
Add component (AddParameter): Name = "BOM名称"; Value = "贴片钽电容"; VariantName = "[No Variations]"
Add component (AddParameter): Name = "学习资源"; Value = "https://lmdzstyle.taobao.com/"; VariantName = "[No Variations]"
Add component (AddParameter): Name = "版权归属"; Value = "黎明电子style"; VariantName = "[No Variations]"
Added Component: Designator=JP1(HDR-1X2)
Add component. Clean all parameters for all variants
Add component (AddParameter): Name = "BOM名称"; Value = "2P接插件"; VariantName = "[No Variations]"
Add component (AddParameter): Name = "学习资源"; Value = "https://lmdzstyle.taobao.com/"; VariantName = "[No Variations]"
Add component (AddParameter): Name = "版权归属"; Value = "黎明电子style"; VariantName = "[No Variations]"
Added Component: Designator=JP2(HDR-1X2)
Add component. Clean all parameters for all variants
Add component (AddParameter): Name = "BOM名称"; Value = "2P接插件"; VariantName = "[No Variations]"
Add component (AddParameter): Name = "学习资源"; Value = "https://lmdzstyle.taobao.com/"; VariantName = "[No Variations]"
Add component (AddParameter): Name = "版权归属"; Value = "黎明电子style"; VariantName = "[No Variations]"
Added Component: Designator=JP3(HDR-1X2)
Add component. Clean all parameters for all variants
Add component (AddParameter): Name = "BOM名称"; Value = "2P接插件"; VariantName = "[No Variations]"
Add component (AddParameter): Name = "学习资源"; Value = "https://lmdzstyle.taobao.com/"; VariantName = "[No Variations]"
Add component (AddParameter): Name = "版权归属"; Value = "黎明电子style"; VariantName = "[No Variations]"
Added Component: Designator=JP4(HDR-1X2)
Add component. Clean all parameters for all variants
Add component (AddParameter): Name = "BOM名称"; Value = "2P接插件"; VariantName = "[No Variations]"
Add component (AddParameter): Name = "学习资源"; Value = "https://lmdzstyle.taobao.com/"; VariantName = "[No Variations]"
Add component (AddParameter): Name = "版权归属"; Value = "黎明电子style"; VariantName = "[No Variations]"
Added Component: Designator=JP5(HDR-1X2)
Add component. Clean all parameters for all variants
Add component (AddParameter): Name = "BOM名称"; Value = "2P接插件"; VariantName = "[No Variations]"
Add component (AddParameter): Name = "学习资源"; Value = "https://lmdzstyle.taobao.com/"; VariantName = "[No Variations]"
Add component (AddParameter): Name = "版权归属"; Value = "黎明电子style"; VariantName = "[No Variations]"
Added Component: Designator=JP6(HDR-1X8)
Add component. Clean all parameters for all variants
Add component (AddParameter): Name = "BOM名称"; Value = "8P接插件"; VariantName = "[No Variations]"
Add component (AddParameter): Name = "学习资源"; Value = "https://lmdzstyle.taobao.com/"; VariantName = "[No Variations]"
Add component (AddParameter): Name = "版权归属"; Value = "黎明电子style"; VariantName = "[No Variations]"
Added Component: Designator=JP7(HDR-1X2)
Add component. Clean all parameters for all variants
Add component (AddParameter): Name = "BOM名称"; Value = "2P接插件"; VariantName = "[No Variations]"
Add component (AddParameter): Name = "学习资源"; Value = "https://lmdzstyle.taobao.com/"; VariantName = "[No Variations]"
Add component (AddParameter): Name = "版权归属"; Value = "黎明电子style"; VariantName = "[No Variations]"
Added Component: Designator=JP8(KF128-5.08-2P)
Add component. Clean all parameters for all variants
Add component (AddParameter): Name = "BOM名称"; Value = "2P接插件"; VariantName = "[No Variations]"
Add component (AddParameter): Name = "学习资源"; Value = "https://lmdzstyle.taobao.com/"; VariantName = "[No Variations]"
Add component (AddParameter): Name = "版权归属"; Value = "黎明电子style"; VariantName = "[No Variations]"
Added Component: Designator=JP9(HDR-1X2)
Add component. Clean all parameters for all variants
Add component (AddParameter): Name = "BOM名称"; Value = "2P接插件"; VariantName = "[No Variations]"
Add component (AddParameter): Name = "学习资源"; Value = "https://lmdzstyle.taobao.com/"; VariantName = "[No Variations]"
Add component (AddParameter): Name = "版权归属"; Value = "黎明电子style"; VariantName = "[No Variations]"
Added Component: Designator=JP10(KF128-5.08-3P)
Add component. Clean all parameters for all variants
Add component (AddParameter): Name = "BOM名称"; Value = "3P接插件"; VariantName = "[No Variations]"
Add component (AddParameter): Name = "学习资源"; Value = "https://lmdzstyle.taobao.com/"; VariantName = "[No Variations]"
Add component (AddParameter): Name = "版权归属"; Value = "黎明电子style"; VariantName = "[No Variations]"
Added Component: Designator=JP11(HDR-20X2)
Add component. Clean all parameters for all variants
Add component (AddParameter): Name = "BOM名称"; Value = "20*2P接插件"; VariantName = "[No Variations]"
Add component (AddParameter): Name = "学习资源"; Value = "https://lmdzstyle.taobao.com/"; VariantName = "[No Variations]"
Add component (AddParameter): Name = "版权归属"; Value = "黎明电子style"; VariantName = "[No Variations]"
Added Component: Designator=JP12(HDR-20X2)
Add component. Clean all parameters for all variants
Add component (AddParameter): Name = "BOM名称"; Value = "20*2P接插件"; VariantName = "[No Variations]"
Add component (AddParameter): Name = "学习资源"; Value = "https://lmdzstyle.taobao.com/"; VariantName = "[No Variations]"
Add component (AddParameter): Name = "版权归属"; Value = "黎明电子style"; VariantName = "[No Variations]"
Added Component: Designator=JP13(HDR-12X2)
Add component. Clean all parameters for all variants
Add component (AddParameter): Name = "BOM名称"; Value = "12*2P接插件"; VariantName = "[No Variations]"
Add component (AddParameter): Name = "学习资源"; Value = "https://lmdzstyle.taobao.com/"; VariantName = "[No Variations]"
Add component (AddParameter): Name = "版权归属"; Value = "黎明电子style"; VariantName = "[No Variations]"
Added Component: Designator=JP14(HDR-12X2)
Add component. Clean all parameters for all variants
Add component (AddParameter): Name = "BOM名称"; Value = "12*2P接插件"; VariantName = "[No Variations]"
Add component (AddParameter): Name = "学习资源"; Value = "https://lmdzstyle.taobao.com/"; VariantName = "[No Variations]"
Add component (AddParameter): Name = "版权归属"; Value = "黎明电子style"; VariantName = "[No Variations]"
Added Component: Designator=LED1(LED 0603W)
Add component. Clean all parameters for all variants
Add component (AddParameter): Name = "BOM名称"; Value = "贴片LED"; VariantName = "[No Variations]"
Add component (AddParameter): Name = "卖家免费查找封装，联系售后"; Value = "唯一出售店铺网址https://shop463601444.taobao.com"; VariantName = "[No Variations]"
Add component (AddParameter): Name = "封装库来自淘宝卖家 ID：黄晶宝石"; Value = "其他店铺购入均为假冒，请立即申请退款，本店奖励2~5元现金"; VariantName = "[No Variations]"
Added Component: Designator=LED2(LED 0805G)
Add component. Clean all parameters for all variants
Add component (AddParameter): Name = "BOM名称"; Value = "贴片LED"; VariantName = "[No Variations]"
Add component (AddParameter): Name = "学习资源"; Value = "https://lmdzstyle.taobao.com/"; VariantName = "[No Variations]"
Add component (AddParameter): Name = "版权归属"; Value = "黎明电子style"; VariantName = "[No Variations]"
Added Component: Designator=Q1(TO-252-2_L6.6-W6.1-P4.57-LS10.1-BR-CW)
Add component. Clean all parameters for all variants
Add component (AddParameter): Name = "Add into BOM"; Value = "yes"; VariantName = "[No Variations]"
Add component (AddParameter): Name = "Continuous Drain Current (Id)"; Value = "80A"; VariantName = "[No Variations]"
Add component (AddParameter): Name = "Convert to PCB"; Value = "yes"; VariantName = "[No Variations]"
Add component (AddParameter): Name = "Datasheet"; Value = "https://atta.szlcsc.com/upload/public/pdf/source/20181205/C341705_A98BB2E94DE599C81CD1E648BE453360.pdf"; VariantName = "[No Variations]"
Add component (AddParameter): Name = "Device"; Value = "NCE6080K"; VariantName = "[No Variations]"
Add component (AddParameter): Name = "Drain Source On Resistance (RDS(on)@Vgs,Id)"; Value = "8.5mΩ@10V,20A"; VariantName = "[No Variations]"
Add component (AddParameter): Name = "Drain Source Voltage (Vdss)"; Value = "60V"; VariantName = "[No Variations]"
Add component (AddParameter): Name = "Gate Threshold Voltage (Vgs(th)@Id)"; Value = "4V@250uA"; VariantName = "[No Variations]"
Add component (AddParameter): Name = "JLCPCB Part Class"; Value = "Extended Part"; VariantName = "[No Variations]"
Add component (AddParameter): Name = "LCSC Part Name"; Value = "N沟道 60V 80A"; VariantName = "[No Variations]"
Add component (AddParameter): Name = "Manufacturer"; Value = "NCE(无锡新洁能)"; VariantName = "[No Variations]"
Add component (AddParameter): Name = "Manufacturer Part"; Value = "NCE6080K"; VariantName = "[No Variations]"
Add component (AddParameter): Name = "Name"; Value = "NCE6080K"; VariantName = "[No Variations]"
Add component (AddParameter): Name = "Power Dissipation (Pd)"; Value = "110W"; VariantName = "[No Variations]"
Add component (AddParameter): Name = "Supplier"; Value = "LCSC"; VariantName = "[No Variations]"
Add component (AddParameter): Name = "Supplier Footprint"; Value = "TO-252-2"; VariantName = "[No Variations]"
Add component (AddParameter): Name = "Supplier Part"; Value = "C341705"; VariantName = "[No Variations]"
Add component (AddParameter): Name = "Symbol"; Value = "NCE6080K"; VariantName = "[No Variations]"
Add component (AddParameter): Name = "Type"; Value = "N沟道"; VariantName = "[No Variations]"
Added Component: Designator=Q2(TO-252-2_L6.6-W6.1-P4.57-LS10.1-BR-CW)
Add component. Clean all parameters for all variants
Add component (AddParameter): Name = "Add into BOM"; Value = "yes"; VariantName = "[No Variations]"
Add component (AddParameter): Name = "Continuous Drain Current (Id)"; Value = "80A"; VariantName = "[No Variations]"
Add component (AddParameter): Name = "Convert to PCB"; Value = "yes"; VariantName = "[No Variations]"
Add component (AddParameter): Name = "Datasheet"; Value = "https://atta.szlcsc.com/upload/public/pdf/source/20181205/C341705_A98BB2E94DE599C81CD1E648BE453360.pdf"; VariantName = "[No Variations]"
Add component (AddParameter): Name = "Device"; Value = "NCE6080K"; VariantName = "[No Variations]"
Add component (AddParameter): Name = "Drain Source On Resistance (RDS(on)@Vgs,Id)"; Value = "8.5mΩ@10V,20A"; VariantName = "[No Variations]"
Add component (AddParameter): Name = "Drain Source Voltage (Vdss)"; Value = "60V"; VariantName = "[No Variations]"
Add component (AddParameter): Name = "Gate Threshold Voltage (Vgs(th)@Id)"; Value = "4V@250uA"; VariantName = "[No Variations]"
Add component (AddParameter): Name = "JLCPCB Part Class"; Value = "Extended Part"; VariantName = "[No Variations]"
Add component (AddParameter): Name = "LCSC Part Name"; Value = "N沟道 60V 80A"; VariantName = "[No Variations]"
Add component (AddParameter): Name = "Manufacturer"; Value = "NCE(无锡新洁能)"; VariantName = "[No Variations]"
Add component (AddParameter): Name = "Manufacturer Part"; Value = "NCE6080K"; VariantName = "[No Variations]"
Add component (AddParameter): Name = "Name"; Value = "NCE6080K"; VariantName = "[No Variations]"
Add component (AddParameter): Name = "Power Dissipation (Pd)"; Value = "110W"; VariantName = "[No Variations]"
Add component (AddParameter): Name = "Supplier"; Value = "LCSC"; VariantName = "[No Variations]"
Add component (AddParameter): Name = "Supplier Footprint"; Value = "TO-252-2"; VariantName = "[No Variations]"
Add component (AddParameter): Name = "Supplier Part"; Value = "C341705"; VariantName = "[No Variations]"
Add component (AddParameter): Name = "Symbol"; Value = "NCE6080K"; VariantName = "[No Variations]"
Add component (AddParameter): Name = "Type"; Value = "N沟道"; VariantName = "[No Variations]"
Added Component: Designator=Q3(TO-252-2_L6.6-W6.1-P4.57-LS10.1-BR-CW)
Add component. Clean all parameters for all variants
Add component (AddParameter): Name = "Add into BOM"; Value = "yes"; VariantName = "[No Variations]"
Add component (AddParameter): Name = "Continuous Drain Current (Id)"; Value = "80A"; VariantName = "[No Variations]"
Add component (AddParameter): Name = "Convert to PCB"; Value = "yes"; VariantName = "[No Variations]"
Add component (AddParameter): Name = "Datasheet"; Value = "https://atta.szlcsc.com/upload/public/pdf/source/20181205/C341705_A98BB2E94DE599C81CD1E648BE453360.pdf"; VariantName = "[No Variations]"
Add component (AddParameter): Name = "Device"; Value = "NCE6080K"; VariantName = "[No Variations]"
Add component (AddParameter): Name = "Drain Source On Resistance (RDS(on)@Vgs,Id)"; Value = "8.5mΩ@10V,20A"; VariantName = "[No Variations]"
Add component (AddParameter): Name = "Drain Source Voltage (Vdss)"; Value = "60V"; VariantName = "[No Variations]"
Add component (AddParameter): Name = "Gate Threshold Voltage (Vgs(th)@Id)"; Value = "4V@250uA"; VariantName = "[No Variations]"
Add component (AddParameter): Name = "JLCPCB Part Class"; Value = "Extended Part"; VariantName = "[No Variations]"
Add component (AddParameter): Name = "LCSC Part Name"; Value = "N沟道 60V 80A"; VariantName = "[No Variations]"
Add component (AddParameter): Name = "Manufacturer"; Value = "NCE(无锡新洁能)"; VariantName = "[No Variations]"
Add component (AddParameter): Name = "Manufacturer Part"; Value = "NCE6080K"; VariantName = "[No Variations]"
Add component (AddParameter): Name = "Name"; Value = "NCE6080K"; VariantName = "[No Variations]"
Add component (AddParameter): Name = "Power Dissipation (Pd)"; Value = "110W"; VariantName = "[No Variations]"
Add component (AddParameter): Name = "Supplier"; Value = "LCSC"; VariantName = "[No Variations]"
Add component (AddParameter): Name = "Supplier Footprint"; Value = "TO-252-2"; VariantName = "[No Variations]"
Add component (AddParameter): Name = "Supplier Part"; Value = "C341705"; VariantName = "[No Variations]"
Add component (AddParameter): Name = "Symbol"; Value = "NCE6080K"; VariantName = "[No Variations]"
Add component (AddParameter): Name = "Type"; Value = "N沟道"; VariantName = "[No Variations]"
Added Component: Designator=Q4(TO-252-2_L6.6-W6.1-P4.57-LS10.1-BR-CW)
Add component. Clean all parameters for all variants
Add component (AddParameter): Name = "Add into BOM"; Value = "yes"; VariantName = "[No Variations]"
Add component (AddParameter): Name = "Continuous Drain Current (Id)"; Value = "80A"; VariantName = "[No Variations]"
Add component (AddParameter): Name = "Convert to PCB"; Value = "yes"; VariantName = "[No Variations]"
Add component (AddParameter): Name = "Datasheet"; Value = "https://atta.szlcsc.com/upload/public/pdf/source/20181205/C341705_A98BB2E94DE599C81CD1E648BE453360.pdf"; VariantName = "[No Variations]"
Add component (AddParameter): Name = "Device"; Value = "NCE6080K"; VariantName = "[No Variations]"
Add component (AddParameter): Name = "Drain Source On Resistance (RDS(on)@Vgs,Id)"; Value = "8.5mΩ@10V,20A"; VariantName = "[No Variations]"
Add component (AddParameter): Name = "Drain Source Voltage (Vdss)"; Value = "60V"; VariantName = "[No Variations]"
Add component (AddParameter): Name = "Gate Threshold Voltage (Vgs(th)@Id)"; Value = "4V@250uA"; VariantName = "[No Variations]"
Add component (AddParameter): Name = "JLCPCB Part Class"; Value = "Extended Part"; VariantName = "[No Variations]"
Add component (AddParameter): Name = "LCSC Part Name"; Value = "N沟道 60V 80A"; VariantName = "[No Variations]"
Add component (AddParameter): Name = "Manufacturer"; Value = "NCE(无锡新洁能)"; VariantName = "[No Variations]"
Add component (AddParameter): Name = "Manufacturer Part"; Value = "NCE6080K"; VariantName = "[No Variations]"
Add component (AddParameter): Name = "Name"; Value = "NCE6080K"; VariantName = "[No Variations]"
Add component (AddParameter): Name = "Power Dissipation (Pd)"; Value = "110W"; VariantName = "[No Variations]"
Add component (AddParameter): Name = "Supplier"; Value = "LCSC"; VariantName = "[No Variations]"
Add component (AddParameter): Name = "Supplier Footprint"; Value = "TO-252-2"; VariantName = "[No Variations]"
Add component (AddParameter): Name = "Supplier Part"; Value = "C341705"; VariantName = "[No Variations]"
Add component (AddParameter): Name = "Symbol"; Value = "NCE6080K"; VariantName = "[No Variations]"
Add component (AddParameter): Name = "Type"; Value = "N沟道"; VariantName = "[No Variations]"
Added Component: Designator=Q5(TO-252-2_L6.6-W6.1-P4.57-LS10.1-BR-CW)
Add component. Clean all parameters for all variants
Add component (AddParameter): Name = "Add into BOM"; Value = "yes"; VariantName = "[No Variations]"
Add component (AddParameter): Name = "Continuous Drain Current (Id)"; Value = "80A"; VariantName = "[No Variations]"
Add component (AddParameter): Name = "Convert to PCB"; Value = "yes"; VariantName = "[No Variations]"
Add component (AddParameter): Name = "Datasheet"; Value = "https://atta.szlcsc.com/upload/public/pdf/source/20181205/C341705_A98BB2E94DE599C81CD1E648BE453360.pdf"; VariantName = "[No Variations]"
Add component (AddParameter): Name = "Device"; Value = "NCE6080K"; VariantName = "[No Variations]"
Add component (AddParameter): Name = "Drain Source On Resistance (RDS(on)@Vgs,Id)"; Value = "8.5mΩ@10V,20A"; VariantName = "[No Variations]"
Add component (AddParameter): Name = "Drain Source Voltage (Vdss)"; Value = "60V"; VariantName = "[No Variations]"
Add component (AddParameter): Name = "Gate Threshold Voltage (Vgs(th)@Id)"; Value = "4V@250uA"; VariantName = "[No Variations]"
Add component (AddParameter): Name = "JLCPCB Part Class"; Value = "Extended Part"; VariantName = "[No Variations]"
Add component (AddParameter): Name = "LCSC Part Name"; Value = "N沟道 60V 80A"; VariantName = "[No Variations]"
Add component (AddParameter): Name = "Manufacturer"; Value = "NCE(无锡新洁能)"; VariantName = "[No Variations]"
Add component (AddParameter): Name = "Manufacturer Part"; Value = "NCE6080K"; VariantName = "[No Variations]"
Add component (AddParameter): Name = "Name"; Value = "NCE6080K"; VariantName = "[No Variations]"
Add component (AddParameter): Name = "Power Dissipation (Pd)"; Value = "110W"; VariantName = "[No Variations]"
Add component (AddParameter): Name = "Supplier"; Value = "LCSC"; VariantName = "[No Variations]"
Add component (AddParameter): Name = "Supplier Footprint"; Value = "TO-252-2"; VariantName = "[No Variations]"
Add component (AddParameter): Name = "Supplier Part"; Value = "C341705"; VariantName = "[No Variations]"
Add component (AddParameter): Name = "Symbol"; Value = "NCE6080K"; VariantName = "[No Variations]"
Add component (AddParameter): Name = "Type"; Value = "N沟道"; VariantName = "[No Variations]"
Added Component: Designator=Q6(TO-252-2_L6.6-W6.1-P4.57-LS10.1-BR-CW)
Add component. Clean all parameters for all variants
Add component (AddParameter): Name = "Add into BOM"; Value = "yes"; VariantName = "[No Variations]"
Add component (AddParameter): Name = "Continuous Drain Current (Id)"; Value = "80A"; VariantName = "[No Variations]"
Add component (AddParameter): Name = "Convert to PCB"; Value = "yes"; VariantName = "[No Variations]"
Add component (AddParameter): Name = "Datasheet"; Value = "https://atta.szlcsc.com/upload/public/pdf/source/20181205/C341705_A98BB2E94DE599C81CD1E648BE453360.pdf"; VariantName = "[No Variations]"
Add component (AddParameter): Name = "Device"; Value = "NCE6080K"; VariantName = "[No Variations]"
Add component (AddParameter): Name = "Drain Source On Resistance (RDS(on)@Vgs,Id)"; Value = "8.5mΩ@10V,20A"; VariantName = "[No Variations]"
Add component (AddParameter): Name = "Drain Source Voltage (Vdss)"; Value = "60V"; VariantName = "[No Variations]"
Add component (AddParameter): Name = "Gate Threshold Voltage (Vgs(th)@Id)"; Value = "4V@250uA"; VariantName = "[No Variations]"
Add component (AddParameter): Name = "JLCPCB Part Class"; Value = "Extended Part"; VariantName = "[No Variations]"
Add component (AddParameter): Name = "LCSC Part Name"; Value = "N沟道 60V 80A"; VariantName = "[No Variations]"
Add component (AddParameter): Name = "Manufacturer"; Value = "NCE(无锡新洁能)"; VariantName = "[No Variations]"
Add component (AddParameter): Name = "Manufacturer Part"; Value = "NCE6080K"; VariantName = "[No Variations]"
Add component (AddParameter): Name = "Name"; Value = "NCE6080K"; VariantName = "[No Variations]"
Add component (AddParameter): Name = "Power Dissipation (Pd)"; Value = "110W"; VariantName = "[No Variations]"
Add component (AddParameter): Name = "Supplier"; Value = "LCSC"; VariantName = "[No Variations]"
Add component (AddParameter): Name = "Supplier Footprint"; Value = "TO-252-2"; VariantName = "[No Variations]"
Add component (AddParameter): Name = "Supplier Part"; Value = "C341705"; VariantName = "[No Variations]"
Add component (AddParameter): Name = "Symbol"; Value = "NCE6080K"; VariantName = "[No Variations]"
Add component (AddParameter): Name = "Type"; Value = "N沟道"; VariantName = "[No Variations]"
Added Component: Designator=R1(R 2512)
Add component. Clean all parameters for all variants
Add component (AddParameter): Name = "BOM名称"; Value = "贴片电阻"; VariantName = "[No Variations]"
Add component (AddParameter): Name = "学习资源"; Value = "https://lmdzstyle.taobao.com/"; VariantName = "[No Variations]"
Add component (AddParameter): Name = "版权归属"; Value = "黎明电子style"; VariantName = "[No Variations]"
Added Component: Designator=R2(R 2512)
Add component. Clean all parameters for all variants
Add component (AddParameter): Name = "BOM名称"; Value = "贴片电阻"; VariantName = "[No Variations]"
Add component (AddParameter): Name = "学习资源"; Value = "https://lmdzstyle.taobao.com/"; VariantName = "[No Variations]"
Add component (AddParameter): Name = "版权归属"; Value = "黎明电子style"; VariantName = "[No Variations]"
Added Component: Designator=R3(R 2512)
Add component. Clean all parameters for all variants
Add component (AddParameter): Name = "BOM名称"; Value = "贴片电阻"; VariantName = "[No Variations]"
Add component (AddParameter): Name = "学习资源"; Value = "https://lmdzstyle.taobao.com/"; VariantName = "[No Variations]"
Add component (AddParameter): Name = "版权归属"; Value = "黎明电子style"; VariantName = "[No Variations]"
Added Component: Designator=R4(R 2512)
Add component. Clean all parameters for all variants
Add component (AddParameter): Name = "BOM名称"; Value = "贴片电阻"; VariantName = "[No Variations]"
Add component (AddParameter): Name = "学习资源"; Value = "https://lmdzstyle.taobao.com/"; VariantName = "[No Variations]"
Add component (AddParameter): Name = "版权归属"; Value = "黎明电子style"; VariantName = "[No Variations]"
Added Component: Designator=R5(R 2512)
Add component. Clean all parameters for all variants
Add component (AddParameter): Name = "BOM名称"; Value = "贴片电阻"; VariantName = "[No Variations]"
Add component (AddParameter): Name = "学习资源"; Value = "https://lmdzstyle.taobao.com/"; VariantName = "[No Variations]"
Add component (AddParameter): Name = "版权归属"; Value = "黎明电子style"; VariantName = "[No Variations]"
Added Component: Designator=R6(R 2512)
Add component. Clean all parameters for all variants
Add component (AddParameter): Name = "BOM名称"; Value = "贴片电阻"; VariantName = "[No Variations]"
Add component (AddParameter): Name = "学习资源"; Value = "https://lmdzstyle.taobao.com/"; VariantName = "[No Variations]"
Add component (AddParameter): Name = "版权归属"; Value = "黎明电子style"; VariantName = "[No Variations]"
Added Component: Designator=R7(R 2512)
Add component. Clean all parameters for all variants
Add component (AddParameter): Name = "BOM名称"; Value = "贴片电阻"; VariantName = "[No Variations]"
Add component (AddParameter): Name = "学习资源"; Value = "https://lmdzstyle.taobao.com/"; VariantName = "[No Variations]"
Add component (AddParameter): Name = "版权归属"; Value = "黎明电子style"; VariantName = "[No Variations]"
Added Component: Designator=R8(R 2512)
Add component. Clean all parameters for all variants
Add component (AddParameter): Name = "BOM名称"; Value = "贴片电阻"; VariantName = "[No Variations]"
Add component (AddParameter): Name = "学习资源"; Value = "https://lmdzstyle.taobao.com/"; VariantName = "[No Variations]"
Add component (AddParameter): Name = "版权归属"; Value = "黎明电子style"; VariantName = "[No Variations]"
Added Component: Designator=R9(R 2512)
Add component. Clean all parameters for all variants
Add component (AddParameter): Name = "BOM名称"; Value = "贴片电阻"; VariantName = "[No Variations]"
Add component (AddParameter): Name = "学习资源"; Value = "https://lmdzstyle.taobao.com/"; VariantName = "[No Variations]"
Add component (AddParameter): Name = "版权归属"; Value = "黎明电子style"; VariantName = "[No Variations]"
Added Component: Designator=R10(R 2512)
Add component. Clean all parameters for all variants
Add component (AddParameter): Name = "BOM名称"; Value = "贴片电阻"; VariantName = "[No Variations]"
Add component (AddParameter): Name = "学习资源"; Value = "https://lmdzstyle.taobao.com/"; VariantName = "[No Variations]"
Add component (AddParameter): Name = "版权归属"; Value = "黎明电子style"; VariantName = "[No Variations]"
Added Component: Designator=R11(R 2512)
Add component. Clean all parameters for all variants
Add component (AddParameter): Name = "BOM名称"; Value = "贴片电阻"; VariantName = "[No Variations]"
Add component (AddParameter): Name = "学习资源"; Value = "https://lmdzstyle.taobao.com/"; VariantName = "[No Variations]"
Add component (AddParameter): Name = "版权归属"; Value = "黎明电子style"; VariantName = "[No Variations]"
Added Component: Designator=R12(R 0603)
Add component. Clean all parameters for all variants
Add component (AddParameter): Name = "BOM名称"; Value = "贴片电阻"; VariantName = "[No Variations]"
Add component (AddParameter): Name = "学习资源"; Value = "https://lmdzstyle.taobao.com/"; VariantName = "[No Variations]"
Add component (AddParameter): Name = "版权归属"; Value = "黎明电子style"; VariantName = "[No Variations]"
Added Component: Designator=R13(R 0603)
Add component. Clean all parameters for all variants
Add component (AddParameter): Name = "BOM名称"; Value = "贴片电阻"; VariantName = "[No Variations]"
Add component (AddParameter): Name = "学习资源"; Value = "https://lmdzstyle.taobao.com/"; VariantName = "[No Variations]"
Add component (AddParameter): Name = "版权归属"; Value = "黎明电子style"; VariantName = "[No Variations]"
Added Component: Designator=S1(SS12D10)
Add component. Clean all parameters for all variants
Add component (AddParameter): Name = "BOM名称"; Value = "波动开关"; VariantName = "[No Variations]"
Add component (AddParameter): Name = "学习资源"; Value = "https://lmdzstyle.taobao.com/"; VariantName = "[No Variations]"
Add component (AddParameter): Name = "版权归属"; Value = "黎明电子style"; VariantName = "[No Variations]"
Added Component: Designator=U1(TSSOP-8_L4.4-W3.0-P0.65-LS6.4-BL)
Add component. Clean all parameters for all variants
Add component (AddParameter): Name = "Add into BOM"; Value = "yes"; VariantName = "[No Variations]"
Add component (AddParameter): Name = "Convert to PCB"; Value = "yes"; VariantName = "[No Variations]"
Add component (AddParameter): Name = "Datasheet"; Value = "https://atta.szlcsc.com/upload/public/pdf/source/20170918/C129949_1505700148139974986.pdf"; VariantName = "[No Variations]"
Add component (AddParameter): Name = "Device"; Value = "INA240A2PWR"; VariantName = "[No Variations]"
Add component (AddParameter): Name = "JLCPCB Part Class"; Value = "Extended Part"; VariantName = "[No Variations]"
Add component (AddParameter): Name = "LCSC Part Name"; Value = "INA240A2PWR"; VariantName = "[No Variations]"
Add component (AddParameter): Name = "Manufacturer"; Value = "TI(德州仪器)"; VariantName = "[No Variations]"
Add component (AddParameter): Name = "Manufacturer Part"; Value = "INA240A2PWR"; VariantName = "[No Variations]"
Add component (AddParameter): Name = "Name"; Value = "INA240A2PWR"; VariantName = "[No Variations]"
Add component (AddParameter): Name = "Supplier"; Value = "LCSC"; VariantName = "[No Variations]"
Add component (AddParameter): Name = "Supplier Footprint"; Value = "TSSOP-8-3.0mm"; VariantName = "[No Variations]"
Add component (AddParameter): Name = "Supplier Part"; Value = "C129949"; VariantName = "[No Variations]"
Add component (AddParameter): Name = "Symbol"; Value = "INA240A2PWR"; VariantName = "[No Variations]"
Added Component: Designator=U2(TSSOP-8_L4.4-W3.0-P0.65-LS6.4-BL)
Add component. Clean all parameters for all variants
Add component (AddParameter): Name = "Add into BOM"; Value = "yes"; VariantName = "[No Variations]"
Add component (AddParameter): Name = "Convert to PCB"; Value = "yes"; VariantName = "[No Variations]"
Add component (AddParameter): Name = "Datasheet"; Value = "https://atta.szlcsc.com/upload/public/pdf/source/20170918/C129949_1505700148139974986.pdf"; VariantName = "[No Variations]"
Add component (AddParameter): Name = "Device"; Value = "INA240A2PWR"; VariantName = "[No Variations]"
Add component (AddParameter): Name = "JLCPCB Part Class"; Value = "Extended Part"; VariantName = "[No Variations]"
Add component (AddParameter): Name = "LCSC Part Name"; Value = "INA240A2PWR"; VariantName = "[No Variations]"
Add component (AddParameter): Name = "Manufacturer"; Value = "TI(德州仪器)"; VariantName = "[No Variations]"
Add component (AddParameter): Name = "Manufacturer Part"; Value = "INA240A2PWR"; VariantName = "[No Variations]"
Add component (AddParameter): Name = "Name"; Value = "INA240A2PWR"; VariantName = "[No Variations]"
Add component (AddParameter): Name = "Supplier"; Value = "LCSC"; VariantName = "[No Variations]"
Add component (AddParameter): Name = "Supplier Footprint"; Value = "TSSOP-8-3.0mm"; VariantName = "[No Variations]"
Add component (AddParameter): Name = "Supplier Part"; Value = "C129949"; VariantName = "[No Variations]"
Add component (AddParameter): Name = "Symbol"; Value = "INA240A2PWR"; VariantName = "[No Variations]"
Added Component: Designator=U3(FD6288T)
Add component. Clean all parameters for all variants
Add component (AddParameter): Name = "Add into BOM"; Value = "yes"; VariantName = "[No Variations]"
Add component (AddParameter): Name = "Convert to PCB"; Value = "yes"; VariantName = "[No Variations]"
Add component (AddParameter): Name = "Datasheet"; Value = "https://atta.szlcsc.com/upload/public/pdf/source/20180912/C97683_ECE58C9DF7F061C95E95DF4276B152DC.pdf"; VariantName = "[No Variations]"
Add component (AddParameter): Name = "Device"; Value = "FD6288T"; VariantName = "[No Variations]"
Add component (AddParameter): Name = "JLCPCB Part Class"; Value = "Extended Part"; VariantName = "[No Variations]"
Add component (AddParameter): Name = "LCSC Part Name"; Value = "FD6288T"; VariantName = "[No Variations]"
Add component (AddParameter): Name = "Manufacturer"; Value = "Fortior Tech(峰G)"; VariantName = "[No Variations]"
Add component (AddParameter): Name = "Manufacturer Part"; Value = "FD6288T"; VariantName = "[No Variations]"
Add component (AddParameter): Name = "Name"; Value = "FD6288T"; VariantName = "[No Variations]"
Add component (AddParameter): Name = "Supplier"; Value = "LCSC"; VariantName = "[No Variations]"
Add component (AddParameter): Name = "Supplier Footprint"; Value = "TSSOP-20"; VariantName = "[No Variations]"
Add component (AddParameter): Name = "Supplier Part"; Value = "C97683"; VariantName = "[No Variations]"
Add component (AddParameter): Name = "Symbol"; Value = "FD6288"; VariantName = "[No Variations]"
Added Component: Designator=U4(TSSOP-8_L4.4-W3.0-P0.65-LS6.4-BL)
Add component. Clean all parameters for all variants
Add component (AddParameter): Name = "Add into BOM"; Value = "yes"; VariantName = "[No Variations]"
Add component (AddParameter): Name = "Convert to PCB"; Value = "yes"; VariantName = "[No Variations]"
Add component (AddParameter): Name = "Datasheet"; Value = "https://atta.szlcsc.com/upload/public/pdf/source/20170918/C129949_1505700148139974986.pdf"; VariantName = "[No Variations]"
Add component (AddParameter): Name = "Device"; Value = "INA240A2PWR"; VariantName = "[No Variations]"
Add component (AddParameter): Name = "JLCPCB Part Class"; Value = "Extended Part"; VariantName = "[No Variations]"
Add component (AddParameter): Name = "LCSC Part Name"; Value = "INA240A2PWR"; VariantName = "[No Variations]"
Add component (AddParameter): Name = "Manufacturer"; Value = "TI(德州仪器)"; VariantName = "[No Variations]"
Add component (AddParameter): Name = "Manufacturer Part"; Value = "INA240A2PWR"; VariantName = "[No Variations]"
Add component (AddParameter): Name = "Name"; Value = "INA240A2PWR"; VariantName = "[No Variations]"
Add component (AddParameter): Name = "Supplier"; Value = "LCSC"; VariantName = "[No Variations]"
Add component (AddParameter): Name = "Supplier Footprint"; Value = "TSSOP-8-3.0mm"; VariantName = "[No Variations]"
Add component (AddParameter): Name = "Supplier Part"; Value = "C129949"; VariantName = "[No Variations]"
Add component (AddParameter): Name = "Symbol"; Value = "INA240A2PWR"; VariantName = "[No Variations]"
Added Pin To Net: NetName=+3.3 Pin=C4-2
Added Pin To Net: NetName=+3.3 Pin=C5-2
Added Pin To Net: NetName=+3.3 Pin=C8-2
Added Pin To Net: NetName=+3.3 Pin=E1-1
Added Pin To Net: NetName=+3.3 Pin=JP2-1
Added Pin To Net: NetName=+3.3 Pin=JP2-2
Added Pin To Net: NetName=+3.3 Pin=JP3-2
Added Pin To Net: NetName=+3.3 Pin=JP6-2
Added Pin To Net: NetName=+3.3 Pin=JP11-4
Added Pin To Net: NetName=+3.3 Pin=JP12-4
Added Pin To Net: NetName=+3.3 Pin=JP13-22
Added Pin To Net: NetName=+3.3 Pin=JP13-24
Added Pin To Net: NetName=+3.3 Pin=JP14-24
Added Pin To Net: NetName=+3.3 Pin=R4-2
Added Pin To Net: NetName=+3.3 Pin=R5-2
Added Pin To Net: NetName=+3.3 Pin=R12-2
Added Pin To Net: NetName=+3.3 Pin=R13-1
Added Pin To Net: NetName=+3.3 Pin=U1-5
Added Pin To Net: NetName=+3.3 Pin=U1-6
Added Pin To Net: NetName=+3.3 Pin=U2-5
Added Pin To Net: NetName=+3.3 Pin=U2-6
Added Pin To Net: NetName=+3.3 Pin=U4-5
Added Pin To Net: NetName=+3.3 Pin=U4-6
Added Net: Name=+3.3
Added Pin To Net: NetName=+12 Pin=*1-3
Added Pin To Net: NetName=+12 Pin=C6-1
Added Pin To Net: NetName=+12 Pin=C7-1
Added Pin To Net: NetName=+12 Pin=D1-1
Added Pin To Net: NetName=+12 Pin=D2-1
Added Pin To Net: NetName=+12 Pin=D3-1
Added Pin To Net: NetName=+12 Pin=JP1-1
Added Pin To Net: NetName=+12 Pin=JP1-2
Added Pin To Net: NetName=+12 Pin=S1-1
Added Pin To Net: NetName=+12 Pin=U3-7
Added Net: Name=+12
Added Pin To Net: NetName=+12V Pin=JP8-1
Added Pin To Net: NetName=+12V Pin=S1-2
Added Net: Name=+12V
Added Pin To Net: NetName=+VCC Pin=*1-2
Added Pin To Net: NetName=+VCC Pin=JP7-1
Added Net: Name=+VCC
Added Pin To Net: NetName=BLK Pin=JP6-8
Added Net: Name=BLK
Added Pin To Net: NetName=CS Pin=JP6-7
Added Net: Name=CS
Added Pin To Net: NetName=DC Pin=JP6-6
Added Net: Name=DC
Added Pin To Net: NetName=GND Pin=C4-1
Added Pin To Net: NetName=GND Pin=C5-1
Added Pin To Net: NetName=GND Pin=C6-2
Added Pin To Net: NetName=GND Pin=C7-2
Added Pin To Net: NetName=GND Pin=C8-1
Added Pin To Net: NetName=GND Pin=E1-2
Added Pin To Net: NetName=GND Pin=E2-2
Added Pin To Net: NetName=GND Pin=E3-2
Added Pin To Net: NetName=GND Pin=E4-2
Added Pin To Net: NetName=GND Pin=E5-2
Added Pin To Net: NetName=GND Pin=E6-2
Added Pin To Net: NetName=GND Pin=E7-2
Added Pin To Net: NetName=GND Pin=JP3-1
Added Pin To Net: NetName=GND Pin=JP4-1
Added Pin To Net: NetName=GND Pin=JP4-2
Added Pin To Net: NetName=GND Pin=JP5-1
Added Pin To Net: NetName=GND Pin=JP5-2
Added Pin To Net: NetName=GND Pin=JP6-1
Added Pin To Net: NetName=GND Pin=JP7-2
Added Pin To Net: NetName=GND Pin=JP8-2
Added Pin To Net: NetName=GND Pin=JP11-1
Added Pin To Net: NetName=GND Pin=JP11-3
Added Pin To Net: NetName=GND Pin=JP12-1
Added Pin To Net: NetName=GND Pin=JP12-3
Added Pin To Net: NetName=GND Pin=JP13-17
Added Pin To Net: NetName=GND Pin=JP13-19
Added Pin To Net: NetName=GND Pin=JP13-21
Added Pin To Net: NetName=GND Pin=JP13-23
Added Pin To Net: NetName=GND Pin=JP14-21
Added Pin To Net: NetName=GND Pin=JP14-23
Added Pin To Net: NetName=GND Pin=LED2-2
Added Pin To Net: NetName=GND Pin=Q4-3
Added Pin To Net: NetName=GND Pin=Q5-3
Added Pin To Net: NetName=GND Pin=Q6-3
Added Pin To Net: NetName=GND Pin=U1-1
Added Pin To Net: NetName=GND Pin=U1-4
Added Pin To Net: NetName=GND Pin=U1-7
Added Pin To Net: NetName=GND Pin=U2-1
Added Pin To Net: NetName=GND Pin=U2-4
Added Pin To Net: NetName=GND Pin=U2-7
Added Pin To Net: NetName=GND Pin=U3-8
Added Pin To Net: NetName=GND Pin=U4-1
Added Pin To Net: NetName=GND Pin=U4-4
Added Pin To Net: NetName=GND Pin=U4-7
Added Net: Name=GND
Added Pin To Net: NetName=H01 Pin=R6-2
Added Pin To Net: NetName=H01 Pin=U3-19
Added Net: Name=H01
Added Pin To Net: NetName=H02 Pin=R7-2
Added Pin To Net: NetName=H02 Pin=U3-16
Added Net: Name=H02
Added Pin To Net: NetName=H03 Pin=R8-2
Added Pin To Net: NetName=H03 Pin=U3-13
Added Net: Name=H03
Added Pin To Net: NetName=IIC_CLK Pin=JP9-2
Added Pin To Net: NetName=IIC_CLK Pin=JP12-10
Added Pin To Net: NetName=IIC_CLK Pin=R5-1
Added Net: Name=IIC_CLK
Added Pin To Net: NetName=IIC_SDA Pin=JP9-1
Added Pin To Net: NetName=IIC_SDA Pin=JP12-9
Added Pin To Net: NetName=IIC_SDA Pin=R4-1
Added Net: Name=IIC_SDA
Added Pin To Net: NetName=L01 Pin=R9-2
Added Pin To Net: NetName=L01 Pin=U3-11
Added Net: Name=L01
Added Pin To Net: NetName=L02 Pin=R10-2
Added Pin To Net: NetName=L02 Pin=U3-10
Added Net: Name=L02
Added Pin To Net: NetName=L03 Pin=R11-2
Added Pin To Net: NetName=L03 Pin=U3-9
Added Net: Name=L03
Added Pin To Net: NetName=LED Pin=LED1-2
Added Net: Name=LED
Added Pin To Net: NetName=Motor_A Pin=JP10-1
Added Pin To Net: NetName=Motor_A Pin=R2-1
Added Pin To Net: NetName=Motor_A Pin=U2-3
Added Net: Name=Motor_A
Added Pin To Net: NetName=Motor_B Pin=JP10-2
Added Net: Name=Motor_B
Added Pin To Net: NetName=Motor_C Pin=JP10-3
Added Pin To Net: NetName=Motor_C Pin=R3-1
Added Pin To Net: NetName=Motor_C Pin=U4-3
Added Net: Name=Motor_C
Added Pin To Net: NetName=NetC1_1 Pin=C1-1
Added Pin To Net: NetName=NetC1_1 Pin=D1-2
Added Pin To Net: NetName=NetC1_1 Pin=U3-20
Added Net: Name=NetC1_1
Added Pin To Net: NetName=NetC1_2 Pin=C1-2
Added Pin To Net: NetName=NetC1_2 Pin=U3-18
Added Net: Name=NetC1_2
Added Pin To Net: NetName=NetC2_1 Pin=C2-1
Added Pin To Net: NetName=NetC2_1 Pin=D2-2
Added Pin To Net: NetName=NetC2_1 Pin=U3-17
Added Net: Name=NetC2_1
Added Pin To Net: NetName=NetC2_2 Pin=C2-2
Added Pin To Net: NetName=NetC2_2 Pin=U3-15
Added Net: Name=NetC2_2
Added Pin To Net: NetName=NetC3_1 Pin=C3-1
Added Pin To Net: NetName=NetC3_1 Pin=D3-2
Added Pin To Net: NetName=NetC3_1 Pin=U3-14
Added Net: Name=NetC3_1
Added Pin To Net: NetName=NetC3_2 Pin=C3-2
Added Pin To Net: NetName=NetC3_2 Pin=U3-12
Added Net: Name=NetC3_2
Added Pin To Net: NetName=NetLED1_1 Pin=LED1-1
Added Pin To Net: NetName=NetLED1_1 Pin=R12-1
Added Net: Name=NetLED1_1
Added Pin To Net: NetName=NetLED2_1 Pin=LED2-1
Added Pin To Net: NetName=NetLED2_1 Pin=R13-2
Added Net: Name=NetLED2_1
Added Pin To Net: NetName=NetQ1_1 Pin=Q1-1
Added Pin To Net: NetName=NetQ1_1 Pin=R6-1
Added Net: Name=NetQ1_1
Added Pin To Net: NetName=NetQ2_1 Pin=Q2-1
Added Pin To Net: NetName=NetQ2_1 Pin=R7-1
Added Net: Name=NetQ2_1
Added Pin To Net: NetName=NetQ3_1 Pin=Q3-1
Added Pin To Net: NetName=NetQ3_1 Pin=R8-1
Added Net: Name=NetQ3_1
Added Pin To Net: NetName=NetQ4_1 Pin=Q4-1
Added Pin To Net: NetName=NetQ4_1 Pin=R9-1
Added Net: Name=NetQ4_1
Added Pin To Net: NetName=NetQ5_1 Pin=Q5-1
Added Pin To Net: NetName=NetQ5_1 Pin=R10-1
Added Net: Name=NetQ5_1
Added Pin To Net: NetName=NetQ6_1 Pin=Q6-1
Added Pin To Net: NetName=NetQ6_1 Pin=R11-1
Added Net: Name=NetQ6_1
Added Pin To Net: NetName=NetR1_1 Pin=R1-1
Added Pin To Net: NetName=NetR1_1 Pin=U1-3
Added Net: Name=NetR1_1
Added Pin To Net: NetName=PA0 Pin=JP11-26
Added Net: Name=PA0
Added Pin To Net: NetName=PA1 Pin=JP11-27
Added Net: Name=PA1
Added Pin To Net: NetName=PA2 Pin=JP11-28
Added Net: Name=PA2
Added Pin To Net: NetName=PA3 Pin=JP11-29
Added Net: Name=PA3
Added Pin To Net: NetName=PA4 Pin=JP11-30
Added Net: Name=PA4
Added Pin To Net: NetName=PA5 Pin=JP6-3
Added Pin To Net: NetName=PA5 Pin=JP11-31
Added Net: Name=PA5
Added Pin To Net: NetName=PA6 Pin=JP11-32
Added Net: Name=PA6
Added Pin To Net: NetName=PA7 Pin=JP6-4
Added Pin To Net: NetName=PA7 Pin=JP11-33
Added Net: Name=PA7
Added Pin To Net: NetName=PA8 Pin=JP12-37
Added Net: Name=PA8
Added Pin To Net: NetName=PA9 Pin=JP12-36
Added Net: Name=PA9
Added Pin To Net: NetName=PA10 Pin=JP12-35
Added Net: Name=PA10
Added Pin To Net: NetName=PA11 Pin=JP12-34
Added Net: Name=PA11
Added Pin To Net: NetName=PA12 Pin=JP12-33
Added Net: Name=PA12
Added Pin To Net: NetName=PA15 Pin=JP12-32
Added Net: Name=PA15
Added Pin To Net: NetName=PB0 Pin=JP11-36
Added Net: Name=PB0
Added Pin To Net: NetName=PB1 Pin=JP11-37
Added Net: Name=PB1
Added Pin To Net: NetName=PB2 Pin=JP11-38
Added Net: Name=PB2
Added Pin To Net: NetName=PB3 Pin=JP12-13
Added Net: Name=PB3
Added Pin To Net: NetName=PB4 Pin=JP12-12
Added Net: Name=PB4
Added Pin To Net: NetName=PB5 Pin=JP12-11
Added Net: Name=PB5
Added Pin To Net: NetName=PB8 Pin=JP12-8
Added Net: Name=PB8
Added Pin To Net: NetName=PB9 Pin=JP12-7
Added Net: Name=PB9
Added Pin To Net: NetName=PB10 Pin=JP13-15
Added Net: Name=PB10
Added Pin To Net: NetName=PB11 Pin=JP13-16
Added Net: Name=PB11
Added Pin To Net: NetName=PB12 Pin=JP14-20
Added Net: Name=PB12
Added Pin To Net: NetName=PB13 Pin=JP14-19
Added Net: Name=PB13
Added Pin To Net: NetName=PB14 Pin=JP14-18
Added Net: Name=PB14
Added Pin To Net: NetName=PB15 Pin=JP14-17
Added Net: Name=PB15
Added Pin To Net: NetName=PC0 Pin=JP11-22
Added Net: Name=PC0
Added Pin To Net: NetName=PC1 Pin=JP11-23
Added Net: Name=PC1
Added Pin To Net: NetName=PC2 Pin=JP11-24
Added Net: Name=PC2
Added Pin To Net: NetName=PC3 Pin=JP11-25
Added Net: Name=PC3
Added Pin To Net: NetName=PC4 Pin=JP11-34
Added Net: Name=PC4
Added Pin To Net: NetName=PC5 Pin=JP11-35
Added Net: Name=PC5
Added Pin To Net: NetName=PC6 Pin=JP14-1
Added Net: Name=PC6
Added Pin To Net: NetName=PC7 Pin=JP12-40
Added Net: Name=PC7
Added Pin To Net: NetName=PC8 Pin=JP12-39
Added Net: Name=PC8
Added Pin To Net: NetName=PC9 Pin=JP12-38
Added Net: Name=PC9
Added Pin To Net: NetName=PC10 Pin=JP12-31
Added Net: Name=PC10
Added Pin To Net: NetName=PC11 Pin=JP12-30
Added Net: Name=PC11
Added Pin To Net: NetName=PC12 Pin=JP12-29
Added Net: Name=PC12
Added Pin To Net: NetName=PC13 Pin=JP11-10
Added Net: Name=PC13
Added Pin To Net: NetName=PD0 Pin=JP12-28
Added Net: Name=PD0
Added Pin To Net: NetName=PD1 Pin=JP12-27
Added Net: Name=PD1
Added Pin To Net: NetName=PD2 Pin=JP12-26
Added Net: Name=PD2
Added Pin To Net: NetName=PD3 Pin=JP12-25
Added Net: Name=PD3
Added Pin To Net: NetName=PD4 Pin=JP12-24
Added Net: Name=PD4
Added Pin To Net: NetName=PD5 Pin=JP12-23
Added Net: Name=PD5
Added Pin To Net: NetName=PD6 Pin=JP12-22
Added Net: Name=PD6
Added Pin To Net: NetName=PD7 Pin=JP12-21
Added Net: Name=PD7
Added Pin To Net: NetName=PD8 Pin=JP14-16
Added Net: Name=PD8
Added Pin To Net: NetName=PD9 Pin=JP14-15
Added Net: Name=PD9
Added Pin To Net: NetName=PD10 Pin=JP14-14
Added Net: Name=PD10
Added Pin To Net: NetName=PD11 Pin=JP14-13
Added Net: Name=PD11
Added Pin To Net: NetName=PD12 Pin=JP14-12
Added Net: Name=PD12
Added Pin To Net: NetName=PD13 Pin=JP14-11
Added Net: Name=PD13
Added Pin To Net: NetName=PD14 Pin=JP14-10
Added Net: Name=PD14
Added Pin To Net: NetName=PD15 Pin=JP14-9
Added Net: Name=PD15
Added Pin To Net: NetName=PE0 Pin=JP12-6
Added Net: Name=PE0
Added Pin To Net: NetName=PE1 Pin=JP12-5
Added Net: Name=PE1
Added Pin To Net: NetName=PE2 Pin=JP11-5
Added Net: Name=PE2
Added Pin To Net: NetName=PE3 Pin=JP11-6
Added Net: Name=PE3
Added Pin To Net: NetName=PE4 Pin=JP11-7
Added Net: Name=PE4
Added Pin To Net: NetName=PE5 Pin=JP11-8
Added Net: Name=PE5
Added Pin To Net: NetName=PE6 Pin=JP11-9
Added Net: Name=PE6
Added Pin To Net: NetName=PE7 Pin=JP13-6
Added Net: Name=PE7
Added Pin To Net: NetName=PE8 Pin=JP13-7
Added Pin To Net: NetName=PE8 Pin=U3-4
Added Net: Name=PE8
Added Pin To Net: NetName=PE9 Pin=JP13-8
Added Pin To Net: NetName=PE9 Pin=U3-1
Added Net: Name=PE9
Added Pin To Net: NetName=PE10 Pin=JP13-9
Added Pin To Net: NetName=PE10 Pin=U3-5
Added Net: Name=PE10
Added Pin To Net: NetName=PE11 Pin=JP13-10
Added Pin To Net: NetName=PE11 Pin=U3-2
Added Net: Name=PE11
Added Pin To Net: NetName=PE12 Pin=JP13-11
Added Pin To Net: NetName=PE12 Pin=U3-6
Added Net: Name=PE12
Added Pin To Net: NetName=PE13 Pin=JP13-12
Added Pin To Net: NetName=PE13 Pin=U3-3
Added Net: Name=PE13
Added Pin To Net: NetName=PE14 Pin=JP13-13
Added Net: Name=PE14
Added Pin To Net: NetName=PE15 Pin=JP13-14
Added Net: Name=PE15
Added Pin To Net: NetName=PF0 Pin=JP11-11
Added Net: Name=PF0
Added Pin To Net: NetName=PF1 Pin=JP11-12
Added Net: Name=PF1
Added Pin To Net: NetName=PF2 Pin=JP11-13
Added Net: Name=PF2
Added Pin To Net: NetName=PF3 Pin=JP11-14
Added Net: Name=PF3
Added Pin To Net: NetName=PF4 Pin=JP11-15
Added Net: Name=PF4
Added Pin To Net: NetName=PF5 Pin=JP11-16
Added Net: Name=PF5
Added Pin To Net: NetName=PF6 Pin=JP11-17
Added Net: Name=PF6
Added Pin To Net: NetName=PF7 Pin=JP11-18
Added Net: Name=PF7
Added Pin To Net: NetName=PF8 Pin=JP11-19
Added Net: Name=PF8
Added Pin To Net: NetName=PF9 Pin=JP11-20
Added Net: Name=PF9
Added Pin To Net: NetName=PF10 Pin=JP11-21
Added Net: Name=PF10
Added Pin To Net: NetName=PF11 Pin=JP11-39
Added Net: Name=PF11
Added Pin To Net: NetName=PF12 Pin=JP11-40
Added Net: Name=PF12
Added Pin To Net: NetName=PF13 Pin=JP13-1
Added Net: Name=PF13
Added Pin To Net: NetName=PF14 Pin=JP13-2
Added Net: Name=PF14
Added Pin To Net: NetName=PF15 Pin=JP13-3
Added Net: Name=PF15
Added Pin To Net: NetName=PG0 Pin=JP13-4
Added Net: Name=PG0
Added Pin To Net: NetName=PG1 Pin=JP13-5
Added Net: Name=PG1
Added Pin To Net: NetName=PG2 Pin=JP14-8
Added Net: Name=PG2
Added Pin To Net: NetName=PG3 Pin=JP14-7
Added Net: Name=PG3
Added Pin To Net: NetName=PG4 Pin=JP14-6
Added Net: Name=PG4
Added Pin To Net: NetName=PG5 Pin=JP14-5
Added Net: Name=PG5
Added Pin To Net: NetName=PG6 Pin=JP14-4
Added Net: Name=PG6
Added Pin To Net: NetName=PG7 Pin=JP14-3
Added Net: Name=PG7
Added Pin To Net: NetName=PG8 Pin=JP14-2
Added Net: Name=PG8
Added Pin To Net: NetName=PG9 Pin=JP12-20
Added Net: Name=PG9
Added Pin To Net: NetName=PG10 Pin=JP12-19
Added Net: Name=PG10
Added Pin To Net: NetName=PG11 Pin=JP12-18
Added Net: Name=PG11
Added Pin To Net: NetName=PG12 Pin=JP12-17
Added Net: Name=PG12
Added Pin To Net: NetName=PG13 Pin=JP12-16
Added Net: Name=PG13
Added Pin To Net: NetName=PG14 Pin=JP12-15
Added Net: Name=PG14
Added Pin To Net: NetName=PG15 Pin=JP12-14
Added Net: Name=PG15
Added Pin To Net: NetName=PWR Pin=*1-1
Added Pin To Net: NetName=PWR Pin=E2-1
Added Pin To Net: NetName=PWR Pin=E3-1
Added Pin To Net: NetName=PWR Pin=E4-1
Added Pin To Net: NetName=PWR Pin=E5-1
Added Pin To Net: NetName=PWR Pin=E6-1
Added Pin To Net: NetName=PWR Pin=E7-1
Added Pin To Net: NetName=PWR Pin=Q1-2
Added Pin To Net: NetName=PWR Pin=Q2-2
Added Pin To Net: NetName=PWR Pin=Q3-2
Added Net: Name=PWR
Added Pin To Net: NetName=RES Pin=JP6-5
Added Net: Name=RES
Added Pin To Net: NetName=SENSE_A Pin=U2-8
Added Net: Name=SENSE_A
Added Pin To Net: NetName=SENSE_B Pin=U1-8
Added Net: Name=SENSE_B
Added Pin To Net: NetName=SENSE_C Pin=U4-8
Added Net: Name=SENSE_C
Added Pin To Net: NetName=U_Temp Pin=Q1-3
Added Pin To Net: NetName=U_Temp Pin=Q4-2
Added Pin To Net: NetName=U_Temp Pin=R2-2
Added Pin To Net: NetName=U_Temp Pin=U2-2
Added Net: Name=U_Temp
Added Pin To Net: NetName=V_Temp Pin=Q2-3
Added Pin To Net: NetName=V_Temp Pin=Q5-2
Added Pin To Net: NetName=V_Temp Pin=R1-2
Added Pin To Net: NetName=V_Temp Pin=U1-2
Added Net: Name=V_Temp
Added Pin To Net: NetName=W_Temp Pin=Q3-3
Added Pin To Net: NetName=W_Temp Pin=Q6-2
Added Pin To Net: NetName=W_Temp Pin=R3-2
Added Pin To Net: NetName=W_Temp Pin=U4-2
Added Net: Name=W_Temp
Added Class: Name=FOC_Lite
